This is pdfTeX, Version 3.1415926-2.4-1.40.13 (MiKTeX 2.9) (preloaded format=latex 2013.12.2)  6 APR 2016 11:10
entering extended mode
**223_Boltzmann.tex

("C:\Users\ad0n\Desktop\Anleitungen\PAP2\PAP2 python\223 Boltzmann\223_Boltzman
n.tex"
LaTeX2e <2011/06/27>
Babel <v3.8m> and hyphenation patterns for english, afrikaans, ancientgreek, ar
abic, armenian, assamese, basque, bengali, bokmal, bulgarian, catalan, coptic, 
croatian, czech, danish, dutch, esperanto, estonian, farsi, finnish, french, ga
lician, german, german-x-2012-05-30, greek, gujarati, hindi, hungarian, iceland
ic, indonesian, interlingua, irish, italian, kannada, kurmanji, latin, latvian,
 lithuanian, malayalam, marathi, mongolian, mongolianlmc, monogreek, ngerman, n
german-x-2012-05-30, nynorsk, oriya, panjabi, pinyin, polish, portuguese, roman
ian, russian, sanskrit, serbian, slovak, slovenian, spanish, swedish, swissgerm
an, tamil, telugu, turkish, turkmen, ukenglish, ukrainian, uppersorbian, usengl
ishmax, welsh, loaded.
("C:\Program Files (x86)\MiKTeX 2.9\tex\latex\base\article.cls"
Document Class: article 2007/10/19 v1.4h Standard LaTeX document class
("C:\Program Files (x86)\MiKTeX 2.9\tex\latex\base\size10.clo"
File: size10.clo 2007/10/19 v1.4h Standard LaTeX file (size option)
)
\c@part=\count79
\c@section=\count80
\c@subsection=\count81
\c@subsubsection=\count82
\c@paragraph=\count83
\c@subparagraph=\count84
\c@figure=\count85
\c@table=\count86
\abovecaptionskip=\skip41
\belowcaptionskip=\skip42
\bibindent=\dimen102
)
("C:\Program Files (x86)\MiKTeX 2.9\tex\latex\german\german.sty"
v2.5e 1998-07-08
Package: german 1998/07/08 v2.5e Support for writing german texts (br)
\grmnU@D=\dimen103
german -- \language number for Austrian undefined, default 22 used.
)
("C:\Program Files (x86)\MiKTeX 2.9\tex\latex\base\inputenc.sty"
Package: inputenc 2008/03/30 v1.1d Input encoding file
\inpenc@prehook=\toks14
\inpenc@posthook=\toks15

("C:\Program Files (x86)\MiKTeX 2.9\tex\latex\base\latin1.def"
File: latin1.def 2008/03/30 v1.1d Input encoding file
))
("C:\Program Files (x86)\MiKTeX 2.9\tex\latex\tools\dcolumn.sty"
Package: dcolumn 2001/05/28 v1.06 decimal alignment package (DPC)

("C:\Program Files (x86)\MiKTeX 2.9\tex\latex\tools\array.sty"
Package: array 2008/09/09 v2.4c Tabular extension package (FMi)
\col@sep=\dimen104
\extrarowheight=\dimen105
\NC@list=\toks16
\extratabsurround=\skip43
\backup@length=\skip44
))
("C:\Program Files (x86)\MiKTeX 2.9\tex\latex\tools\longtable.sty"
Package: longtable 2004/02/01 v4.11 Multi-page Table package (DPC)
\LTleft=\skip45
\LTright=\skip46
\LTpre=\skip47
\LTpost=\skip48
\LTchunksize=\count87
\LTcapwidth=\dimen106
\LT@head=\box26
\LT@firsthead=\box27
\LT@foot=\box28
\LT@lastfoot=\box29
\LT@cols=\count88
\LT@rows=\count89
\c@LT@tables=\count90
\c@LT@chunks=\count91
\LT@p@ftn=\toks17
)
("C:\Program Files (x86)\MiKTeX 2.9\tex\latex\amsmath\amsmath.sty"
Package: amsmath 2013/01/14 v2.14 AMS math features
\@mathmargin=\skip49

For additional information on amsmath, use the `?' option.
("C:\Program Files (x86)\MiKTeX 2.9\tex\latex\amsmath\amstext.sty"
Package: amstext 2000/06/29 v2.01

("C:\Program Files (x86)\MiKTeX 2.9\tex\latex\amsmath\amsgen.sty"
File: amsgen.sty 1999/11/30 v2.0
\@emptytoks=\toks18
\ex@=\dimen107
))
("C:\Program Files (x86)\MiKTeX 2.9\tex\latex\amsmath\amsbsy.sty"
Package: amsbsy 1999/11/29 v1.2d
\pmbraise@=\dimen108
)
("C:\Program Files (x86)\MiKTeX 2.9\tex\latex\amsmath\amsopn.sty"
Package: amsopn 1999/12/14 v2.01 operator names
)
\inf@bad=\count92
LaTeX Info: Redefining \frac on input line 210.
\uproot@=\count93
\leftroot@=\count94
LaTeX Info: Redefining \overline on input line 306.
\classnum@=\count95
\DOTSCASE@=\count96
LaTeX Info: Redefining \ldots on input line 378.
LaTeX Info: Redefining \dots on input line 381.
LaTeX Info: Redefining \cdots on input line 466.
\Mathstrutbox@=\box30
\strutbox@=\box31
\big@size=\dimen109
LaTeX Font Info:    Redeclaring font encoding OML on input line 566.
LaTeX Font Info:    Redeclaring font encoding OMS on input line 567.
\macc@depth=\count97
\c@MaxMatrixCols=\count98
\dotsspace@=\muskip10
\c@parentequation=\count99
\dspbrk@lvl=\count100
\tag@help=\toks19
\row@=\count101
\column@=\count102
\maxfields@=\count103
\andhelp@=\toks20
\eqnshift@=\dimen110
\alignsep@=\dimen111
\tagshift@=\dimen112
\tagwidth@=\dimen113
\totwidth@=\dimen114
\lineht@=\dimen115
\@envbody=\toks21
\multlinegap=\skip50
\multlinetaggap=\skip51
\mathdisplay@stack=\toks22
LaTeX Info: Redefining \[ on input line 2665.
LaTeX Info: Redefining \] on input line 2666.
)
("C:\Program Files (x86)\MiKTeX 2.9\tex\latex\amsfonts\amssymb.sty"
Package: amssymb 2009/06/22 v3.00

("C:\Program Files (x86)\MiKTeX 2.9\tex\latex\amsfonts\amsfonts.sty"
Package: amsfonts 2009/06/22 v3.00 Basic AMSFonts support
\symAMSa=\mathgroup4
\symAMSb=\mathgroup5
LaTeX Font Info:    Overwriting math alphabet `\mathfrak' in version `bold'
(Font)                  U/euf/m/n --> U/euf/b/n on input line 96.
))
("C:\Program Files (x86)\MiKTeX 2.9\tex\latex\wrapfig\wrapfig.sty"
\wrapoverhang=\dimen116
\WF@size=\dimen117
\c@WF@wrappedlines=\count104
\WF@box=\box32
\WF@everypar=\toks23
Package: wrapfig 2003/01/31  v 3.6
)
("C:\Program Files (x86)\MiKTeX 2.9\tex\latex\graphics\epsfig.sty"
Package: epsfig 1999/02/16 v1.7a (e)psfig emulation (SPQR)

("C:\Program Files (x86)\MiKTeX 2.9\tex\latex\graphics\graphicx.sty"
Package: graphicx 1999/02/16 v1.0f Enhanced LaTeX Graphics (DPC,SPQR)

("C:\Program Files (x86)\MiKTeX 2.9\tex\latex\graphics\keyval.sty"
Package: keyval 1999/03/16 v1.13 key=value parser (DPC)
\KV@toks@=\toks24
)
("C:\Program Files (x86)\MiKTeX 2.9\tex\latex\graphics\graphics.sty"
Package: graphics 2009/02/05 v1.0o Standard LaTeX Graphics (DPC,SPQR)

("C:\Program Files (x86)\MiKTeX 2.9\tex\latex\graphics\trig.sty"
Package: trig 1999/03/16 v1.09 sin cos tan (DPC)
)
("C:\Program Files (x86)\MiKTeX 2.9\tex\latex\00miktex\graphics.cfg"
File: graphics.cfg 2007/01/18 v1.5 graphics configuration of teTeX/TeXLive
)
Package graphics Info: Driver file: dvips.def on input line 91.

("C:\Program Files (x86)\MiKTeX 2.9\tex\latex\graphics\dvips.def"
File: dvips.def 1999/02/16 v3.0i Driver-dependant file (DPC,SPQR)
))
\Gin@req@height=\dimen118
\Gin@req@width=\dimen119
)
\epsfxsize=\dimen120
\epsfysize=\dimen121
)
("C:\Program Files (x86)\MiKTeX 2.9\tex\latex\fancyhdr\fancyheadings.sty"
\headrulewidth=\dimen122
\footrulewidth=\dimen123
\plainheadrulewidth=\dimen124
\plainfootrulewidth=\dimen125
\headwidth=\dimen126
\footruleskip=\dimen127
)
("C:\Program Files (x86)\MiKTeX 2.9\tex\latex\multirow\multirow.sty"
\bigstrutjot=\dimen128
)
("C:\Program Files (x86)\MiKTeX 2.9\tex\latex\tools\tabularx.sty"
Package: tabularx 1999/01/07 v2.07 `tabularx' package (DPC)
\TX@col@width=\dimen129
\TX@old@table=\dimen130
\TX@old@col=\dimen131
\TX@target=\dimen132
\TX@delta=\dimen133
\TX@cols=\count105
\TX@ftn=\toks25
)
("C:\Users\ad0n\Desktop\Anleitungen\PAP2\PAP2 python\223 Boltzmann\223_Boltzman
n.aux")
LaTeX Font Info:    Checking defaults for OML/cmm/m/it on input line 35.
LaTeX Font Info:    ... okay on input line 35.
LaTeX Font Info:    Checking defaults for T1/cmr/m/n on input line 35.
LaTeX Font Info:    ... okay on input line 35.
LaTeX Font Info:    Checking defaults for OT1/cmr/m/n on input line 35.
LaTeX Font Info:    ... okay on input line 35.
LaTeX Font Info:    Checking defaults for OMS/cmsy/m/n on input line 35.
LaTeX Font Info:    ... okay on input line 35.
LaTeX Font Info:    Checking defaults for OMX/cmex/m/n on input line 35.
LaTeX Font Info:    ... okay on input line 35.
LaTeX Font Info:    Checking defaults for U/cmr/m/n on input line 35.
LaTeX Font Info:    ... okay on input line 35.
File: 249_aufbau.eps Graphic file (type eps)
 <249_aufbau.eps>
LaTeX Font Info:    Try loading font information for U+msa on input line 56.

("C:\Program Files (x86)\MiKTeX 2.9\tex\latex\amsfonts\umsa.fd"
File: umsa.fd 2009/06/22 v3.00 AMS symbols A
)
LaTeX Font Info:    Try loading font information for U+msb on input line 56.

("C:\Program Files (x86)\MiKTeX 2.9\tex\latex\amsfonts\umsb.fd"
File: umsb.fd 2009/06/22 v3.00 AMS symbols B
)
LaTeX Font Info:    Try loading font information for OMS+cmr on input line 62.

("C:\Program Files (x86)\MiKTeX 2.9\tex\latex\base\omscmr.fd"
File: omscmr.fd 1999/05/25 v2.5h Standard LaTeX font definitions
)
LaTeX Font Info:    Font shape `OMS/cmr/m/n' in size <10> not available
(Font)              Font shape `OMS/cmsy/m/n' tried instead on input line 62.

Underfull \hbox (badness 1226) in paragraph at lines 73--75
[][]\OT1/cmr/m/n/10 Standardwerke der Phy-sik: Gert-h-sen, Dem-tr[]oder, Bergma
nn-Sch[]afer,
 []


Underfull \hbox (badness 2744) in paragraph at lines 75--77
[][]\OT1/cmr/m/n/10 Die Grund-la-gen zu den wich-tig-sten Wahr-schein-lich-keit
s-ver-tei-lun-gen
 []


Overfull \vbox (2.0pt too high) has occurred while \output is active []

 [1

]
Underfull \hbox (badness 10000) in paragraph at lines 131--156

 []


Underfull \hbox (badness 1281) in paragraph at lines 131--156
[]\OT1/cmr/m/it/10 Heu-te vor 100 Jah-ren, am 11. Mai 1905, reich-te Al-bert Ei
n-stein bei
 []


Underfull \hbox (badness 1067) in paragraph at lines 131--156
\OT1/cmr/m/it/10 der Vor-aus-set-zung der mo-le-ku-la-ren Theo-rie der W[]arme 
in Fl[]ussig-kei-ten
 []


Underfull \hbox (badness 1478) in paragraph at lines 158--166
\OT1/cmr/m/it/10 ei-ni-ge Jah-re sp[]ater die Brown-sche Mo-le-ku-l-ar-be-we-gu
ng ex-pe-ri-men-tell mit
 []


Underfull \hbox (badness 10000) in paragraph at lines 158--166

 []

File: 249_brown0.eps Graphic file (type eps)
<249_brown0.eps>
Overfull \vbox (2.0pt too high) has occurred while \output is active []

 [2]
File: 249_randomwalk.eps Graphic file (type eps)

<249_randomwalk.eps>
Overfull \vbox (2.0pt too high) has occurred while \output is active []

 [3]
File: 249_gauss1.eps Graphic file (type eps)

<249_gauss1.eps>

LaTeX Warning: `h' float specifier changed to `ht'.


Overfull \vbox (2.0pt too high) has occurred while \output is active []

 [4]

Package array Warning: Column C is already defined on input line 437.

File: 249_probe.eps Graphic file (type eps)
<249_probe.eps>
Overfull \vbox (2.0pt too high) has occurred while \output is active []

 [5]
File: 249_Mikroskop.eps Graphic file (type eps)

<249_Mikroskop.eps>
Underfull \hbox (badness 10000) in paragraph at lines 495--530

 []


Underfull \hbox (badness 10000) in paragraph at lines 495--530

 []


Underfull \hbox (badness 1953) in paragraph at lines 495--530
\OT1/cmr/m/n/10 Schalten Sie die Mi-kro-skop-be-leuch-tung ein. Be-we-gen Sie n
un den
 []


Overfull \vbox (2.0pt too high) has occurred while \output is active []

 [6]
Underfull \hbox (badness 10000) in paragraph at lines 586--597

 []


Overfull \vbox (2.0pt too high) has occurred while \output is active []

 [7]
File: 249_Eichung.eps Graphic file (type eps)

<249_Eichung.eps>
File: 249_Programm.eps Graphic file (type eps)
 <249_Programm.eps>

LaTeX Warning: `h' float specifier changed to `ht'.


Underfull \vbox (badness 1694) has occurred while \output is active []


Overfull \vbox (2.0pt too high) has occurred while \output is active []

 [8]
Underfull \hbox (badness 10000) in paragraph at lines 685--688

 []

File: 223_auswertung1.eps Graphic file (type eps)
<223_auswertung1.eps>

LaTeX Warning: `h' float specifier changed to `ht'.


Underfull \hbox (badness 2173) in paragraph at lines 706--713
[][]\OT1/cmr/m/n/10 Als n[]achstes brau-chen wir Mit-tel-wer-te und Feh-ler der
 Messwer-te
 []


Underfull \hbox (badness 10000) in paragraph at lines 717--726

 []


Overfull \vbox (2.0pt too high) has occurred while \output is active []

 [9]
Underfull \hbox (badness 10000) in paragraph at lines 737--741

 []


Underfull \hbox (badness 10000) in paragraph at lines 746--747
[][]\OT1/cmr/m/n/10 Die an-de-ren Zei-len be-rech-nen Sie gem[]a den Vor-ga-be
n
 []


Underfull \hbox (badness 10000) in paragraph at lines 746--747
\OT1/cmr/m/n/10 in Ab-bil-dung 10[] (Rechtsklick auf den Spal-ten-kopf $\OMS/cm
sy/m/n/10 !$
 []

File: 223_auswertung2.eps Graphic file (type eps)
<223_auswertung2.eps>
File: 223_auswertung3.eps Graphic file (type eps)
 <223_auswertung3.eps>
File: 249_Viskositaet.eps Graphic file (type eps)
 <249_Viskositaet.eps>
Overfull \hbox (284.52754pt too wide) in paragraph at lines 774--779
[][]$[]$ 
 []


Overfull \vbox (2.0pt too high) has occurred while \output is active []

 [10]
Overfull \vbox (2.0pt too high) has occurred while \output is active []

 [11

]
("C:\Users\ad0n\Desktop\Anleitungen\PAP2\PAP2 python\223 Boltzmann\223_Boltzman
n.aux") ) 
Here is how much of TeX's memory you used:
 2104 strings out of 493922
 25629 string characters out of 3144902
 85341 words of memory out of 3000000
 5360 multiletter control sequences out of 15000+200000
 13353 words of font info for 51 fonts, out of 3000000 for 9000
 841 hyphenation exceptions out of 8191
 32i,15n,26p,531b,366s stack positions out of 5000i,500n,10000p,200000b,50000s

Output written on 223_Boltzmann.dvi (11 pages, 62980 bytes).
